<?xml version="1.0" encoding="UTF-8"?>
<!-- Generated by org.testng.reporters.JUnitReportReporter -->
<testsuite hostname="INLEN8520086978" failures="0" tests="1" name="ServicePageFac.Services" time="9.847" errors="0" timestamp="2023-03-04T11:14:26 IST" skipped="0">
  <testcase classname="ServicePageFac.Services" name="ServicesTab" time="9.847"/>
  <system-out/>
</testsuite> <!-- ServicePageFac.Services -->
